<?xml version="1.0" encoding="UTF-8"?>
<!-- Generated by org.testng.reporters.JUnitReportReporter -->
<testsuite hostname="XPVFW1QHC4" failures="0" tests="1" name="Apollo_001_Test.Apollo_01_공통" time="21.345" errors="0" timestamp="2023-02-27T11:44:05 KST" skipped="0">
  <testcase classname="Apollo_001_Test.Apollo_01_공통" name="TC_002_005_001_sidemenu_profile_캐릭터프로필영역" time="21.345"/>
  <system-out/>
</testsuite> <!-- Apollo_001_Test.Apollo_01_공통 -->
