<?xml version="1.0" encoding="UTF-8"?>
<!-- Generated by org.testng.reporters.JUnitReportReporter -->
<testsuite skipped="0" hostname="SKT1112049PN002" name="SDK_001_실행.앱시작_01" tests="1" failures="0" timestamp="2021-09-11T15:41:51 KST" time="41.537" errors="0">
  <testcase name="TC_0000_앱실행" time="41.537" classname="SDK_001_실행.앱시작_01"/>
  <system-out/>
</testsuite> <!-- SDK_001_실행.앱시작_01 -->
