<?xml version="1.0" encoding="UTF-8"?>
<!-- Generated by org.testng.reporters.JUnitReportReporter -->
<testsuite hostname="XPVFW1QHC4" failures="0" tests="1" name="Apollo_001_Test.Apollo_01_공통" time="9.191" errors="0" timestamp="2023-02-09T14:51:12 KST" skipped="0">
  <testcase classname="Apollo_001_Test.Apollo_01_공통" name="TC_01_01_Test" time="9.191"/>
  <system-out/>
</testsuite> <!-- Apollo_001_Test.Apollo_01_공통 -->
