<?xml version="1.0" encoding="UTF-8"?>
<!-- Generated by org.testng.reporters.JUnitReportReporter -->
<testsuite hostname="XPVFW1QHC4" failures="0" tests="11" name="Apollo_001_공통.Apollo_04_공통" time="669.577" errors="0" timestamp="2023-04-18T13:40:04 KST" skipped="0">
  <testcase classname="Apollo_001_공통.Apollo_04_공통" name="TC_017_016_002" time="30.788"/>
  <system-out/>
  <testcase classname="Apollo_001_공통.Apollo_04_공통" name="TC_017_004_001" time="36.330"/>
  <system-out/>
  <testcase classname="Apollo_001_공통.Apollo_04_공통" name="TC_019_006_001" time="165.438"/>
  <system-out/>
  <testcase classname="Apollo_001_공통.Apollo_04_공통" name="TC_017_007_001" time="18.348"/>
  <system-out/>
  <testcase classname="Apollo_001_공통.Apollo_04_공통" name="TC_017_004_004" time="43.648"/>
  <system-out/>
  <testcase classname="Apollo_001_공통.Apollo_04_공통" name="TC_018_006_007" time="22.389"/>
  <system-out/>
  <testcase classname="Apollo_001_공통.Apollo_04_공통" name="TC_016_003_001" time="13.270"/>
  <system-out/>
  <testcase classname="Apollo_001_공통.Apollo_04_공통" name="TC_019_002_006" time="20.690"/>
  <system-out/>
  <testcase classname="Apollo_001_공통.Apollo_04_공통" name="TC_018_001_005" time="28.485"/>
  <system-out/>
  <testcase classname="Apollo_001_공통.Apollo_04_공통" name="TC_016_001_007" time="47.273"/>
  <system-out/>
  <testcase classname="Apollo_001_공통.Apollo_04_공통" name="TC_017_001_011" time="242.918"/>
  <system-out/>
</testsuite> <!-- Apollo_001_공통.Apollo_04_공통 -->
