<?xml version="1.0" encoding="UTF-8"?>
<!-- Generated by org.testng.reporters.JUnitReportReporter -->
<testsuite hostname="XPVFW1QHC4" failures="0" tests="1" name="Apollo_001_공통.LLM_Message_Test" time="27.899" errors="0" timestamp="2023-07-24T13:44:26 KST" skipped="0">
  <testcase classname="Apollo_001_공통.LLM_Message_Test" name="TC_001" time="27.899"/>
  <system-out/>
</testsuite> <!-- Apollo_001_공통.LLM_Message_Test -->
