<?xml version="1.0" encoding="UTF-8"?>
<!-- Generated by org.testng.reporters.JUnitReportReporter -->
<testsuite hostname="XPVFW1QHC4" failures="0" tests="17" name="Apollo_001_공통.Apollo_05_공통" time="250.910" errors="0" timestamp="2023-04-19T15:35:22 KST" skipped="8">
  <testcase classname="Apollo_001_공통.Apollo_05_공통" name="TC_028_018_002" time="31.202"/>
  <system-out/>
  <testcase classname="Apollo_001_공통.Apollo_05_공통" name="TC_023_002_003" time="34.488"/>
  <system-out/>
  <testcase classname="Apollo_001_공통.Apollo_05_공통" name="TC_020_001_006" time="15.491"/>
  <system-out/>
  <testcase classname="Apollo_001_공통.Apollo_05_공통" name="TC_024_002_001" time="39.390"/>
  <system-out/>
  <testcase classname="Apollo_001_공통.Apollo_05_공통" name="TC_028_005_001" time="41.155"/>
  <system-out/>
  <testcase classname="Apollo_001_공통.Apollo_05_공통" name="TC_034_002_001" time="26.312"/>
  <system-out/>
  <testcase classname="Apollo_001_공통.Apollo_05_공통" name="TC_028_003_002" time="50.377"/>
  <system-out/>
  <testcase classname="Apollo_001_공통.Apollo_05_공통" name="TC_020_002_001" time="0.001">
    <skipped/>
  </testcase> <!-- TC_020_002_001 -->
  <system-out/>
  <testcase classname="Apollo_001_공통.Apollo_05_공통" name="TC_020_002_017" time="0.001">
    <skipped/>
  </testcase> <!-- TC_020_002_017 -->
  <system-out/>
  <testcase classname="Apollo_001_공통.Apollo_05_공통" name="TC_030_003_002" time="0.001">
    <skipped/>
  </testcase> <!-- TC_030_003_002 -->
  <system-out/>
  <testcase classname="Apollo_001_공통.Apollo_05_공통" name="TC_033_003_001" time="7.536"/>
  <system-out/>
  <testcase classname="Apollo_001_공통.Apollo_05_공통" name="TC_022_001_002" time="0.001">
    <skipped/>
  </testcase> <!-- TC_022_001_002 -->
  <system-out/>
  <testcase classname="Apollo_001_공통.Apollo_05_공통" name="TC_031_005_001" time="0.001">
    <skipped/>
  </testcase> <!-- TC_031_005_001 -->
  <system-out/>
  <testcase classname="Apollo_001_공통.Apollo_05_공통" name="TC_028_006_002" time="0.001">
    <skipped/>
  </testcase> <!-- TC_028_006_002 -->
  <system-out/>
  <testcase classname="Apollo_001_공통.Apollo_05_공통" name="TC_021_001_001" time="0.000">
    <skipped/>
  </testcase> <!-- TC_021_001_001 -->
  <system-out/>
  <testcase classname="Apollo_001_공통.Apollo_05_공통" name="TC_032_002_001" time="4.952"/>
  <system-out/>
  <testcase classname="Apollo_001_공통.Apollo_05_공통" name="TC_031_003_001" time="0.001">
    <skipped/>
  </testcase> <!-- TC_031_003_001 -->
  <system-out/>
</testsuite> <!-- Apollo_001_공통.Apollo_05_공통 -->
