<?xml version="1.0" encoding="UTF-8"?>
<!-- Generated by org.testng.reporters.JUnitReportReporter -->
<testsuite hostname="XPVFW1QHC4" failures="0" tests="1" name="Apollo_001_공통.Apollo_01_Permission" time="82.753" errors="0" timestamp="2023-04-18T13:40:04 KST" skipped="0">
  <testcase classname="Apollo_001_공통.Apollo_01_Permission" name="TC_000_001_031" time="82.753"/>
  <system-out/>
</testsuite> <!-- Apollo_001_공통.Apollo_01_Permission -->
