<?xml version="1.0" encoding="UTF-8"?>
<!-- Generated by org.testng.reporters.JUnitReportReporter -->
<testsuite hostname="XPVFW1QHC4" failures="0" tests="4" name="Apollo_001_공통.Apollo_06_공통" time="136.916" errors="0" timestamp="2023-04-20T10:01:11 KST" skipped="0">
  <testcase classname="Apollo_001_공통.Apollo_06_공통" name="TC_036_001_001" time="17.253"/>
  <system-out/>
  <testcase classname="Apollo_001_공통.Apollo_06_공통" name="TC_035_001_001" time="39.691"/>
  <system-out/>
  <testcase classname="Apollo_001_공통.Apollo_06_공통" name="TC_035_015_001" time="63.771"/>
  <system-out/>
  <testcase classname="Apollo_001_공통.Apollo_06_공통" name="TC_035_009_002" time="16.201"/>
  <system-out/>
</testsuite> <!-- Apollo_001_공통.Apollo_06_공통 -->
